7/12/2017 13:33:44:968 [0,"ps",[]]
7/12/2017 13:33:44:969 [0,"ws",[["margin","BTC",0.10792955,0,null],["margin","BTG",0.00003931,0,null],["exchange","BTG",0,0,null],["exchange","USD",0,0,null],["margin","USD",8017.84505241,0,null],["margin","BCH",1.14896772,0,null],["margin","DSH",0,0,null],["margin","IOT",409.59757202,0,null],["exchange","BTC",0,0,null],["margin","ETH",4.00000915,0,null],["exchange","ETH",0,0,null],["margin","ETC",0,0,null],["margin","LTC",50.04741352,0,null],["exchange","LTC",0,0,null],["exchange","IOT",0,0,null]]]
7/12/2017 13:33:44:969 [0,"os",[[5880298914,null,55918946688,"tIOTUSD",1512660719999,1512660720055,64,64,"LIMIT",null,null,null,0,"ACTIVE",null,null,3.6801,0,null,null,null,null,null,0,0,0],[5880300749,null,55924986370,"tIOTUSD",1512660725006,1512660766951,-64,-64,"LIMIT",null,null,null,0,"ACTIVE",null,null,3.7999,0,null,null,null,null,null,0,0,0]]]
7/12/2017 13:33:44:969 [0,"fos",[]]
7/12/2017 13:33:44:969 [0,"fcs",[]]
7/12/2017 13:33:44:969 [0,"fls",[]]
7/12/2017 13:33:44:969 [0,"ats",[]]
7/12/2017 13:35:3:474 [0,"pu",["tIOTUSD","ACTIVE",64,3.6801,0,0,null,null,null,null]]
7/12/2017 13:35:3:475 Stop not found, creating Order on tIOTUSD with price 3.7169 at the amount of -64
7/12/2017 13:35:3:476 Stop created: tIOTUSDat 3.7169at the amount of -64 Client Id: 1512660903475. Date: 2017-12-7
7/12/2017 13:35:3:481 [0,"oc",[5880298914,null,55918946688,"tIOTUSD",1512660719999,1512660899775,0,64,"LIMIT",null,null,null,0,"EXECUTED @ 3.6801(64.0)",null,null,3.6801,3.6801,null,null,null,null,null,0,0,0]]
7/12/2017 13:35:3:483 [0,"te",[112992389,"tIOTUSD",1512660899747,5880298914,64,3.6801,"LIMIT",3.6801,1]]
7/12/2017 13:35:3:584 [0,"pu",["tIOTUSD","ACTIVE",64,3.6801,0,0,null,null,null,null]]
7/12/2017 13:35:3:584 [0,"tu",[112992389,"tIOTUSD",1512660899747,5880298914,64,3.6801,"LIMIT",3.6801,1,-0.18842112,"USD"]]
7/12/2017 13:35:3:637 [0,"wu",["margin","USD",8017.65663129,0,null]]
7/12/2017 13:35:4:252 [0,"on",[5880383585,1,1512660903475,"tIOTUSD",1512660900538,1512660900573,-64,-64,"LIMIT",null,null,null,0,"ACTIVE",null,null,3.7169,0,null,null,null,null,null,0,0,0]]
7/12/2017 13:35:4:252 Found stop confirmation at ON, setting internal id to 5880383585
7/12/2017 13:35:4:305 [0,"n",[null,"on-req",null,null,[5880383585,null,1512660903475,"tIOTUSD",null,null,-64,-64,"LIMIT",null,null,null,null,null,null,null,3.7169,null,null,null,null,null,null,0,null,null],null,"SUCCESS","Submitting limit sell order for 64.0 IOTA."]]
7/12/2017 13:35:4:305 Found stop confirmation at ON-REQ, setting internal id to 5880383585
7/12/2017 13:36:52:265 [0,"n",[null,"on-req",null,null,[5880430351,null,56207484556,"tIOTUSD",null,null,320,320,"LIMIT",null,null,null,null,null,null,null,3.59,null,null,null,null,null,null,0,null,null],null,"SUCCESS","Submitting limit buy order for 320.0 IOTA."]]
7/12/2017 13:36:52:317 [0,"on",[5880430351,null,56207484556,"tIOTUSD",1512661008560,1512661008602,320,320,"LIMIT",null,null,null,0,"ACTIVE",null,null,3.59,0,null,null,null,null,null,0,0,0]]
7/12/2017 13:37:40:82 [0,"n",[null,"ou-req",null,null,[5880430351,null,56207484556,null,null,null,320,null,"LIMIT",null,null,null,null,null,null,null,3.6126,null,null,null,null,null,null,0,null,null],null,"SUCCESS","Submitting update to limit buy order for 320.0 IOTA."]]
7/12/2017 13:37:40:90 [0,"pu",["tIOTUSD","ACTIVE",78.13974191,3.667777,0,0,null,null,null,null]]
7/12/2017 13:37:40:91 Sent cancel request for group 1
7/12/2017 13:37:40:91 Sent cancel request: 1512660903475 2017-12-7
7/12/2017 13:37:40:91 Sent cancel request by internal id: 5880383585
7/12/2017 13:37:40:92 Stop order has different amount, cancelling and creating a new one on tIOTUSD with price undefined at the amount of -78.13974191
7/12/2017 13:37:40:92 Stop not found, creating Order on tIOTUSD with price 3.7045 at the amount of -78.13974191
7/12/2017 13:37:40:92 Stop created: tIOTUSDat 3.7045at the amount of -78.13974191 Client Id: 1512661060092. Date: 2017-12-7
7/12/2017 13:37:40:92 [0,"ou",[5880430351,null,56207484556,"tIOTUSD",1512661008560,1512661056411,305.86025809,320,"LIMIT",null,null,null,0,"PARTIALLY FILLED @ 3.612(14.14)",null,null,3.6126,3.612,null,null,null,null,null,0,0,0]]
7/12/2017 13:37:40:144 [0,"te",[112998431,"tIOTUSD",1512661056382,5880430351,14.13974191,3.612,"LIMIT",3.59,-1]]
7/12/2017 13:37:40:194 [0,"pu",["tIOTUSD","ACTIVE",78.13974191,3.667777,0,0,null,null,null,null]]
7/12/2017 13:37:40:246 [0,"wu",["margin","USD",8017.55448579,0,null]]
7/12/2017 13:37:40:246 [0,"tu",[112998431,"tIOTUSD",1512661056382,5880430351,14.13974191,3.612,"LIMIT",3.6126,-1,-0.1021455,"USD"]]
7/12/2017 13:37:40:348 [0,"pu",["tIOTUSD","ACTIVE",118.13874191,3.64909537,0,0,null,null,null,null]]
7/12/2017 13:37:40:348 Sent cancel request for group 1
7/12/2017 13:37:40:349 Sent cancel request: 1512661060092 2017-12-7
7/12/2017 13:37:40:349 Sent cancel request by internal id: 5880383585
7/12/2017 13:37:40:349 Stop order has different amount, cancelling and creating a new one on tIOTUSD with price undefined at the amount of -118.13874191
7/12/2017 13:37:40:349 Stop not found, creating Order on tIOTUSD with price 3.6856 at the amount of -118.13874191
7/12/2017 13:37:40:349 Stop created: tIOTUSDat 3.6856at the amount of -118.13874191 Client Id: 1512661060349. Date: 2017-12-7
7/12/2017 13:37:40:349 [0,"ou",[5880430351,null,56207484556,"tIOTUSD",1512661008560,1512661056646,265.86125809,320,"LIMIT",null,null,null,0,"PARTIALLY FILLED @ 3.612(14.14), PARTIALLY FILLED @ 3.6126(40.0)",null,null,3.6126,3.61244329,null,null,null,null,null,0,0,0]]
7/12/2017 13:37:40:350 [0,"te",[112998438,"tIOTUSD",1512661056614,5880430351,39.999,3.6126,"LIMIT",3.6126,1]]
7/12/2017 13:37:40:402 [0,"pu",["tIOTUSD","ACTIVE",118.13874191,3.64909537,0,0,null,null,null,null]]
7/12/2017 13:37:40:505 [0,"wu",["margin","USD",8017.43888548,0,null]]
7/12/2017 13:37:40:560 [0,"tu",[112998438,"tIOTUSD",1512661056614,5880430351,39.999,3.6126,"LIMIT",3.6126,1,-0.11560031,"USD"]]
7/12/2017 13:37:40:650 [0,"n",[null,"oc-req",null,null,[5880383585,null,null,null,null,null,null,null,null,null,null,null,null,null,null,null,null,null,null,null,null,null,null,0,null,null],null,"SUCCESS","Submitted for cancellation; waiting for confirmation (ID: 5880383585)."]]
7/12/2017 13:37:40:651 [0,"n",[null,"oc_multi-req",null,null,null,null,"INFO","All (1) submitted for cancellation; waiting for confirmation."]]
7/12/2017 13:37:40:657 [0,"oc",[5880383585,1,1512660903475,"tIOTUSD",1512660900538,1512661056961,-64,-64,"LIMIT",null,null,null,0,"CANCELED",null,null,3.7169,0,null,null,null,null,null,0,0,0]]
7/12/2017 13:37:40:759 [0,"n",[null,"oc-req",null,null,[null,null,1512660903475,null,null,null,null,null,null,null,null,null,null,null,null,null,null,null,null,null,null,null,null,0,null,null],null,"SUCCESS","Submitted for cancellation; waiting for confirmation (ID: 5880383585)."]]
7/12/2017 13:37:40:808 [0,"n",[null,"oc-req",null,null,[5880383585,null,null,null,null,null,null,null,null,null,null,null,null,null,null,null,null,null,null,null,null,null,null,0,null,null],null,"SUCCESS","Submitted for cancellation; waiting for confirmation (ID: 5880383585)."]]
7/12/2017 13:37:40:861 [0,"n",[null,"oc-req",null,null,[null,null,1512661060092,null,null,null,null,null,null,null,null,null,null,null,null,null,null,null,null,null,null,null,null,0,null,null],null,"ERROR","Order not found."]]
7/12/2017 13:37:40:911 [0,"pu",["tIOTUSD","ACTIVE",158.13774191,3.63986431,0,0,null,null,null,null]]
7/12/2017 13:37:40:911 Sent cancel request for group 1
7/12/2017 13:37:40:911 Sent cancel request: 1512661060349 2017-12-7
7/12/2017 13:37:40:911 Sent cancel request by internal id: 5880383585
7/12/2017 13:37:40:911 Stop order has different amount, cancelling and creating a new one on tIOTUSD with price undefined at the amount of -158.13774191
7/12/2017 13:37:40:912 Stop not found, creating Order on tIOTUSD with price 3.6763 at the amount of -158.13774191
7/12/2017 13:37:40:912 Stop created: tIOTUSDat 3.6763at the amount of -158.13774191 Client Id: 1512661060912. Date: 2017-12-7
7/12/2017 13:37:40:913 [0,"ou",[5880430351,null,56207484556,"tIOTUSD",1512661008560,1512661057197,225.86225809,320,"LIMIT",null,null,null,0,"PARTIALLY FILLED @ 3.612(14.14), PARTIALLY FILLED @ 3.6126(40.0), PARTIALLY FILLED @ 3.6126(40.0)",null,null,3.6126,3.61250988,null,null,null,null,null,0,0,0]]
7/12/2017 13:37:40:913 [0,"te",[112998453,"tIOTUSD",1512661057188,5880430351,39.999,3.6126,"LIMIT",3.6126,1]]
7/12/2017 13:37:41:229 [0,"n",[null,"oc-req",null,null,[5880383585,null,null,null,null,null,null,null,null,null,null,null,null,null,null,null,null,null,null,null,null,null,null,0,null,null],null,"ERROR","Order not found."]]
7/12/2017 13:37:41:326 [0,"n",[null,"on-req",null,null,[5880452343,null,1512661060092,"tIOTUSD",null,null,-78.13974191,-78.13974191,"LIMIT",null,null,null,null,null,null,null,3.7045,null,null,null,null,null,null,0,null,null],null,"SUCCESS","Submitting limit sell order for 78.13974191 IOTA."]]
7/12/2017 13:37:41:326 [0,"on",[5880452343,1,1512661060092,"tIOTUSD",1512661057246,1512661057640,-78.13974191,-78.13974191,"LIMIT",null,null,null,0,"ACTIVE",null,null,3.7045,0,null,null,null,null,null,0,0,0]]
7/12/2017 13:37:41:377 [0,"pu",["tIOTUSD","ACTIVE",198.13674191,3.63436031,0,0,null,null,null,null]]
7/12/2017 13:37:41:377 Sent cancel request for group 1
7/12/2017 13:37:41:377 Sent cancel request: 1512661060912 2017-12-7
7/12/2017 13:37:41:377 Sent cancel request by internal id: 5880383585
7/12/2017 13:37:41:377 Stop order has different amount, cancelling and creating a new one on tIOTUSD with price undefined at the amount of -198.13674191
7/12/2017 13:37:41:378 Stop not found, creating Order on tIOTUSD with price 3.6707 at the amount of -198.13674191
7/12/2017 13:37:41:378 Stop created: tIOTUSDat 3.6707at the amount of -198.13674191 Client Id: 1512661061378. Date: 2017-12-7
7/12/2017 13:37:41:378 [0,"ou",[5880430351,null,56207484556,"tIOTUSD",1512661008560,1512661057674,185.86325809,320,"LIMIT",null,null,null,0,"PARTIALLY FILLED @ 3.612(14.14), PARTIALLY FILLED @ 3.6126(40.0), PARTIALLY FILLED @ 3.6126(40.0), PARTIALLY FILLED @ 3.6126(40.0)",null,null,3.6126,3.61253675,null,null,null,null,null,0,0,0]]
7/12/2017 13:37:41:379 [0,"te",[112998457,"tIOTUSD",1512661057645,5880430351,39.999,3.6126,"LIMIT",3.6126,1]]
7/12/2017 13:37:41:430 [0,"pu",["tIOTUSD","ACTIVE",198.13674191,3.63436031,0,0,null,null,null,null]]
7/12/2017 13:37:41:534 [0,"oc",[5880452343,1,1512661060092,"tIOTUSD",1512661057246,1512661057844,-78.13974191,-78.13974191,"LIMIT",null,null,null,0,"CANCELED",null,null,3.7045,0,null,null,null,null,null,0,0,0]]
7/12/2017 13:37:41:589 [0,"n",[null,"oc-req",null,null,[5880452343,null,null,null,null,null,null,null,null,null,null,null,null,null,null,null,null,null,null,null,null,null,null,0,null,null],null,"SUCCESS","Submitted for cancellation; waiting for confirmation (ID: 5880452343)."]]
7/12/2017 13:37:41:590 [0,"n",[null,"oc_multi-req",null,null,null,null,"INFO","All (1) submitted for cancellation; waiting for confirmation."]]
7/12/2017 13:37:41:644 [0,"tu",[112998453,"tIOTUSD",1512661057188,5880430351,39.999,3.6126,"LIMIT",3.6126,1,-0.11560031,"USD"]]
7/12/2017 13:37:41:644 [0,"pu",["tIOTUSD","ACTIVE",238.13574191,3.63070529,0,0,null,null,null,null]]
7/12/2017 13:37:41:644 Sent cancel request for group 1
7/12/2017 13:37:41:644 Sent cancel request: 1512661061378 2017-12-7
7/12/2017 13:37:41:644 Sent cancel request by internal id: 5880383585
7/12/2017 13:37:41:644 Stop order has different amount, cancelling and creating a new one on tIOTUSD with price undefined at the amount of -238.13574191
7/12/2017 13:37:41:645 Stop not found, creating Order on tIOTUSD with price 3.6670 at the amount of -238.13574191
7/12/2017 13:37:41:645 Stop created: tIOTUSDat 3.6670at the amount of -238.13574191 Client Id: 1512661061645. Date: 2017-12-7
7/12/2017 13:37:41:645 [0,"pu",["tIOTUSD","ACTIVE",278.13474191,3.62810154,0,0,null,null,null,null]]
7/12/2017 13:37:41:645 Sent cancel request for group 1
7/12/2017 13:37:41:645 Sent cancel request: 1512661061645 2017-12-7
7/12/2017 13:37:41:645 Sent cancel request by internal id: 5880383585
7/12/2017 13:37:41:645 Stop order has different amount, cancelling and creating a new one on tIOTUSD with price undefined at the amount of -278.13474191
7/12/2017 13:37:41:646 Stop not found, creating Order on tIOTUSD with price 3.6644 at the amount of -278.13474191
7/12/2017 13:37:41:646 Stop created: tIOTUSDat 3.6644at the amount of -278.13474191 Client Id: 1512661061646. Date: 2017-12-7
7/12/2017 13:37:41:646 [0,"ou",[5880430351,null,56207484556,"tIOTUSD",1512661008560,1512661057950,145.86425809,320,"LIMIT",null,null,null,0,"PARTIALLY FILLED @ 3.612(14.14), PARTIALLY FILLED @ 3.6126(40.0), PARTIALLY FILLED @ 3.6126(40.0), PARTIALLY FILLED @ 3.6126(40.0), PARTIALLY FILLED @ 3.6126(40.0)",null,null,3.6126,3.61255128,null,null,null,null,null,0,0,0]]
7/12/2017 13:37:41:647 [0,"ou",[5880430351,null,56207484556,"tIOTUSD",1512661008560,1512661057950,105.86525809,320,"LIMIT",null,null,null,0,"PARTIALLY FILLED @ 3.612(14.14), PARTIALLY FILLED @ 3.6126(40.0), PARTIALLY FILLED @ 3.6126(40.0), PARTIALLY FILLED @ 3.6126(40.0), PARTIALLY FILLED @ 3.6126(40.0), PARTIALLY FILLED @ 3.6126(40.0)",null,null,3.6126,3.61256038,null,null,null,null,null,0,0,0]]
7/12/2017 13:37:41:647 [0,"te",[112998465,"tIOTUSD",1512661057902,5880430351,39.999,3.6126,"LIMIT",3.6126,1]]
7/12/2017 13:37:41:648 [0,"te",[112998466,"tIOTUSD",1512661057904,5880430351,39.999,3.6126,"LIMIT",3.6126,1]]
7/12/2017 13:37:41:769 [0,"pu",["tIOTUSD","ACTIVE",278.13974191,3.62810126,0,0,null,null,null,null]]
7/12/2017 13:37:41:770 Sent cancel request for group 1
7/12/2017 13:37:41:770 Sent cancel request: 1512661061646 2017-12-7
7/12/2017 13:37:41:770 Sent cancel request by internal id: 5880383585
7/12/2017 13:37:41:770 Stop order has different amount, cancelling and creating a new one on tIOTUSD with price undefined at the amount of -278.13974191
7/12/2017 13:37:41:770 Stop not found, creating Order on tIOTUSD with price 3.6644 at the amount of -278.13974191
7/12/2017 13:37:41:770 Stop created: tIOTUSDat 3.6644at the amount of -278.13974191 Client Id: 1512661061770. Date: 2017-12-7
7/12/2017 13:37:41:771 [0,"ou",[5880430351,null,56207484556,"tIOTUSD",1512661008560,1512661058053,105.86025809,320,"LIMIT",null,null,null,0,"PARTIALLY FILLED @ 3.612(14.14), PARTIALLY FILLED @ 3.6126(40.0), PARTIALLY FILLED @ 3.6126(40.0), PARTIALLY FILLED @ 3.6126(40.0), PARTIALLY FILLED @ 3.6126(40.0), PARTIALLY FILLED @ 3.6126(40.0), PARTIALLY FILLED @ 3.6126(0.01)",null,null,3.6126,3.61256038,null,null,null,null,null,0,0,0]]
7/12/2017 13:37:41:772 [0,"n",[null,"oc-req",null,null,[5880383585,null,null,null,null,null,null,null,null,null,null,null,null,null,null,null,null,null,null,null,null,null,null,0,null,null],null,"ERROR","Order not found."]]
7/12/2017 13:37:41:772 [0,"te",[112998469,"tIOTUSD",1512661058027,5880430351,0.005,3.6126,"LIMIT",3.6126,1]]
7/12/2017 13:37:41:816 [0,"wu",["margin","USD",8017.32328517,0,null]]
7/12/2017 13:37:41:817 [0,"ou",[5880430351,null,56207484556,"tIOTUSD",1512661008560,1512661058086,105.86025809,320,"LIMIT",null,null,null,0,"PARTIALLY FILLED @ 3.612(14.14), PARTIALLY FILLED @ 3.6126(40.0), PARTIALLY FILLED @ 3.6126(40.0), PARTIALLY FILLED @ 3.6126(40.0), PARTIALLY FILLED @ 3.6126(40.0), PARTIALLY FILLED @ 3.6126(40.0), PARTIALLY FILLED @ 3.6126(0.01)",null,null,3.6126,3.61256038,null,null,null,null,null,0,0,0]]
7/12/2017 13:37:41:844 [0,"n",[null,"oc-req",null,null,[5880452343,null,null,null,null,null,null,null,null,null,null,null,null,null,null,null,null,null,null,null,null,null,null,0,null,null],null,"SUCCESS","Submitted for cancellation; waiting for confirmation (ID: 5880452343)."]]
7/12/2017 13:37:41:876 [0,"n",[null,"oc_multi-req",null,null,null,null,"INFO","All (1) submitted for cancellation; waiting for confirmation."]]
7/12/2017 13:37:41:919 [0,"ou",[5880430351,null,56207484556,"tIOTUSD",1512661008560,1512661058185,105.86025809,320,"LIMIT",null,null,null,0,"PARTIALLY FILLED @ 3.612(14.14), PARTIALLY FILLED @ 3.6126(40.0), PARTIALLY FILLED @ 3.6126(40.0), PARTIALLY FILLED @ 3.6126(40.0), PARTIALLY FILLED @ 3.6126(40.0), PARTIALLY FILLED @ 3.6126(40.0), PARTIALLY FILLED @ 3.6126(0.01)",null,null,3.6126,3.61256038,null,null,null,null,null,0,0,0]]
7/12/2017 13:37:41:919 [0,"tu",[112998457,"tIOTUSD",1512661057645,5880430351,39.999,3.6126,"LIMIT",3.6126,1,-0.11560031,"USD"]]
7/12/2017 13:37:41:920 [0,"n",[null,"oc-req",null,null,[null,null,1512661060349,null,null,null,null,null,null,null,null,null,null,null,null,null,null,null,null,null,null,null,null,0,null,null],null,"ERROR","Order not found."]]
7/12/2017 13:37:41:920 [0,"tu",[112998469,"tIOTUSD",1512661058027,5880430351,0.005,3.6126,"LIMIT",3.6126,1,-0.00001445,"USD"]]
7/12/2017 13:37:41:925 [0,"tu",[112998466,"tIOTUSD",1512661057904,5880430351,39.999,3.6126,"LIMIT",3.6126,1,-0.11560031,"USD"]]
7/12/2017 13:37:41:984 [0,"pu",["tIOTUSD","ACTIVE",278.13974191,3.62810126,0,0,null,null,null,null]]
7/12/2017 13:37:41:984 [0,"wu",["margin","USD",8017.20768486,0,null]]
7/12/2017 13:37:41:984 [0,"ou",[5880430351,null,56207484556,"tIOTUSD",1512661008560,1512661058284,105.86025809,320,"LIMIT",null,null,null,0,"PARTIALLY FILLED @ 3.612(14.14), PARTIALLY FILLED @ 3.6126(40.0), PARTIALLY FILLED @ 3.6126(40.0), PARTIALLY FILLED @ 3.6126(40.0), PARTIALLY FILLED @ 3.6126(40.0), PARTIALLY FILLED @ 3.6126(40.0), PARTIALLY FILLED @ 3.6126(0.01)",null,null,3.6126,3.61256038,null,null,null,null,null,0,0,0]]
7/12/2017 13:37:42:35 [0,"ou",[5880430351,null,56207484556,"tIOTUSD",1512661008560,1512661058318,105.86025809,320,"LIMIT",null,null,null,0,"PARTIALLY FILLED @ 3.612(14.14), PARTIALLY FILLED @ 3.6126(40.0), PARTIALLY FILLED @ 3.6126(40.0), PARTIALLY FILLED @ 3.6126(40.0), PARTIALLY FILLED @ 3.6126(40.0), PARTIALLY FILLED @ 3.6126(40.0), PARTIALLY FILLED @ 3.6126(0.01)",null,null,3.6126,3.61256038,null,null,null,null,null,0,0,0]]
7/12/2017 13:37:42:36 [0,"ou",[5880430351,null,56207484556,"tIOTUSD",1512661008560,1512661058318,105.86025809,320,"LIMIT",null,null,null,0,"PARTIALLY FILLED @ 3.612(14.14), PARTIALLY FILLED @ 3.6126(40.0), PARTIALLY FILLED @ 3.6126(40.0), PARTIALLY FILLED @ 3.6126(40.0), PARTIALLY FILLED @ 3.6126(40.0), PARTIALLY FILLED @ 3.6126(40.0), PARTIALLY FILLED @ 3.6126(0.01)",null,null,3.6126,3.61256038,null,null,null,null,null,0,0,0]]
7/12/2017 13:37:42:36 [0,"ou",[5880430351,null,56207484556,"tIOTUSD",1512661008560,1512661058319,105.86025809,320,"LIMIT",null,null,null,0,"PARTIALLY FILLED @ 3.612(14.14), PARTIALLY FILLED @ 3.6126(40.0), PARTIALLY FILLED @ 3.6126(40.0), PARTIALLY FILLED @ 3.6126(40.0), PARTIALLY FILLED @ 3.6126(40.0), PARTIALLY FILLED @ 3.6126(40.0), PARTIALLY FILLED @ 3.6126(0.01)",null,null,3.6126,3.61256038,null,null,null,null,null,0,0,0]]
7/12/2017 13:37:42:77 [0,"wu",["margin","USD",8017.20767041,0,null]]
7/12/2017 13:37:42:81 [0,"wu",["margin","USD",8017.0920701,0,null]]
7/12/2017 13:37:42:81 [0,"ou",[5880430351,null,56207484556,"tIOTUSD",1512661008560,1512661058387,105.86025809,320,"LIMIT",null,null,null,0,"PARTIALLY FILLED @ 3.612(14.14), PARTIALLY FILLED @ 3.6126(40.0), PARTIALLY FILLED @ 3.6126(40.0), PARTIALLY FILLED @ 3.6126(40.0), PARTIALLY FILLED @ 3.6126(40.0), PARTIALLY FILLED @ 3.6126(40.0), PARTIALLY FILLED @ 3.6126(0.01)",null,null,3.6126,3.61256038,null,null,null,null,null,0,0,0]]
7/12/2017 13:37:42:82 [0,"ou",[5880430351,null,56207484556,"tIOTUSD",1512661008560,1512661058387,105.86025809,320,"LIMIT",null,null,null,0,"PARTIALLY FILLED @ 3.612(14.14), PARTIALLY FILLED @ 3.6126(40.0), PARTIALLY FILLED @ 3.6126(40.0), PARTIALLY FILLED @ 3.6126(40.0), PARTIALLY FILLED @ 3.6126(40.0), PARTIALLY FILLED @ 3.6126(40.0), PARTIALLY FILLED @ 3.6126(0.01)",null,null,3.6126,3.61256038,null,null,null,null,null,0,0,0]]
7/12/2017 13:37:42:82 [0,"tu",[112998465,"tIOTUSD",1512661057902,5880430351,39.999,3.6126,"LIMIT",3.6126,1,-0.11560031,"USD"]]
7/12/2017 13:37:42:137 [0,"ou",[5880430351,null,56207484556,"tIOTUSD",1512661008560,1512661058420,105.86025809,320,"LIMIT",null,null,null,0,"PARTIALLY FILLED @ 3.612(14.14), PARTIALLY FILLED @ 3.6126(40.0), PARTIALLY FILLED @ 3.6126(40.0), PARTIALLY FILLED @ 3.6126(40.0), PARTIALLY FILLED @ 3.6126(40.0), PARTIALLY FILLED @ 3.6126(40.0), PARTIALLY FILLED @ 3.6126(0.01)",null,null,3.6126,3.61256038,null,null,null,null,null,0,0,0]]
7/12/2017 13:37:42:138 [0,"n",[null,"oc-req",null,null,[null,null,1512661060912,null,null,null,null,null,null,null,null,null,null,null,null,null,null,null,null,null,null,null,null,0,null,null],null,"SUCCESS","Submitted for cancellation; waiting for confirmation (ID: 5880452774)."]]
7/12/2017 13:37:42:142 [0,"n",[null,"on-req",null,null,[5880452774,null,1512661060912,"tIOTUSD",null,null,-158.13774191,-158.13774191,"LIMIT",null,null,null,null,null,null,null,3.6763,null,null,null,null,null,null,0,null,null],null,"SUCCESS","Submitting limit sell order for 158.13774191 IOTA."]]
7/12/2017 13:37:42:142 [0,"ou",[5880430351,null,56207484556,"tIOTUSD",1512661008560,1512661058454,105.86025809,320,"LIMIT",null,null,null,0,"PARTIALLY FILLED @ 3.612(14.14), PARTIALLY FILLED @ 3.6126(40.0), PARTIALLY FILLED @ 3.6126(40.0), PARTIALLY FILLED @ 3.6126(40.0), PARTIALLY FILLED @ 3.6126(40.0), PARTIALLY FILLED @ 3.6126(40.0), PARTIALLY FILLED @ 3.6126(0.01)",null,null,3.6126,3.61256038,null,null,null,null,null,0,0,0]]
7/12/2017 13:37:42:143 [0,"on",[5880452774,1,1512661060912,"tIOTUSD",1512661058363,1512661058455,-158.13774191,-158.13774191,"LIMIT",null,null,null,0,"ACTIVE",null,null,3.6763,0,null,null,null,null,null,0,0,0]]
7/12/2017 13:37:42:144 [0,"ou",[5880430351,null,56207484556,"tIOTUSD",1512661008560,1512661058455,105.86025809,320,"LIMIT",null,null,null,0,"PARTIALLY FILLED @ 3.612(14.14), PARTIALLY FILLED @ 3.6126(40.0), PARTIALLY FILLED @ 3.6126(40.0), PARTIALLY FILLED @ 3.6126(40.0), PARTIALLY FILLED @ 3.6126(40.0), PARTIALLY FILLED @ 3.6126(40.0), PARTIALLY FILLED @ 3.6126(0.01)",null,null,3.6126,3.61256038,null,null,null,null,null,0,0,0]]
7/12/2017 13:37:42:144 [0,"oc",[5880452774,1,1512661060912,"tIOTUSD",1512661058363,1512661058455,-158.13774191,-158.13774191,"LIMIT",null,null,null,0,"CANCELED",null,null,3.6763,0,null,null,null,null,null,0,0,0]]
7/12/2017 13:37:42:256 [0,"ou",[5880430351,null,56207484556,"tIOTUSD",1512661008560,1512661058489,105.86025809,320,"LIMIT",null,null,null,0,"PARTIALLY FILLED @ 3.612(14.14), PARTIALLY FILLED @ 3.6126(40.0), PARTIALLY FILLED @ 3.6126(40.0), PARTIALLY FILLED @ 3.6126(40.0), PARTIALLY FILLED @ 3.6126(40.0), PARTIALLY FILLED @ 3.6126(40.0), PARTIALLY FILLED @ 3.6126(0.01)",null,null,3.6126,3.61256038,null,null,null,null,null,0,0,0]]
7/12/2017 13:37:42:475 [0,"ou",[5880430351,null,56207484556,"tIOTUSD",1512661008560,1512661058492,105.86025809,320,"LIMIT",null,null,null,0,"PARTIALLY FILLED @ 3.612(14.14), PARTIALLY FILLED @ 3.6126(40.0), PARTIALLY FILLED @ 3.6126(40.0), PARTIALLY FILLED @ 3.6126(40.0), PARTIALLY FILLED @ 3.6126(40.0), PARTIALLY FILLED @ 3.6126(40.0), PARTIALLY FILLED @ 3.6126(0.01)",null,null,3.6126,3.61256038,null,null,null,null,null,0,0,0]]
7/12/2017 13:37:42:475 [0,"ou",[5880430351,null,56207484556,"tIOTUSD",1512661008560,1512661058492,105.86025809,320,"LIMIT",null,null,null,0,"PARTIALLY FILLED @ 3.612(14.14), PARTIALLY FILLED @ 3.6126(40.0), PARTIALLY FILLED @ 3.6126(40.0), PARTIALLY FILLED @ 3.6126(40.0), PARTIALLY FILLED @ 3.6126(40.0), PARTIALLY FILLED @ 3.6126(40.0), PARTIALLY FILLED @ 3.6126(0.01)",null,null,3.6126,3.61256038,null,null,null,null,null,0,0,0]]
7/12/2017 13:37:42:496 [0,"ou",[5880430351,null,56207484556,"tIOTUSD",1512661008560,1512661058525,105.86025809,320,"LIMIT",null,null,null,0,"PARTIALLY FILLED @ 3.612(14.14), PARTIALLY FILLED @ 3.6126(40.0), PARTIALLY FILLED @ 3.6126(40.0), PARTIALLY FILLED @ 3.6126(40.0), PARTIALLY FILLED @ 3.6126(40.0), PARTIALLY FILLED @ 3.6126(40.0), PARTIALLY FILLED @ 3.6126(0.01)",null,null,3.6126,3.61256038,null,null,null,null,null,0,0,0]]
7/12/2017 13:37:42:496 [0,"wu",["margin","USD",8016.97646979,0,null]]
7/12/2017 13:37:42:497 [0,"ou",[5880430351,null,56207484556,"tIOTUSD",1512661008560,1512661058557,105.86025809,320,"LIMIT",null,null,null,0,"PARTIALLY FILLED @ 3.612(14.14), PARTIALLY FILLED @ 3.6126(40.0), PARTIALLY FILLED @ 3.6126(40.0), PARTIALLY FILLED @ 3.6126(40.0), PARTIALLY FILLED @ 3.6126(40.0), PARTIALLY FILLED @ 3.6126(40.0), PARTIALLY FILLED @ 3.6126(0.01)",null,null,3.6126,3.61256038,null,null,null,null,null,0,0,0]]
7/12/2017 13:37:42:497 [0,"n",[null,"oc-req",null,null,[5880383585,null,null,null,null,null,null,null,null,null,null,null,null,null,null,null,null,null,null,null,null,null,null,0,null,null],null,"ERROR","Order not found."]]
7/12/2017 13:37:42:498 [0,"ou",[5880430351,null,56207484556,"tIOTUSD",1512661008560,1512661058591,105.86025809,320,"LIMIT",null,null,null,0,"PARTIALLY FILLED @ 3.612(14.14), PARTIALLY FILLED @ 3.6126(40.0), PARTIALLY FILLED @ 3.6126(40.0), PARTIALLY FILLED @ 3.6126(40.0), PARTIALLY FILLED @ 3.6126(40.0), PARTIALLY FILLED @ 3.6126(40.0), PARTIALLY FILLED @ 3.6126(0.01)",null,null,3.6126,3.61256038,null,null,null,null,null,0,0,0]]
7/12/2017 13:37:42:498 [0,"n",[null,"oc-req",null,null,[5880452774,null,null,null,null,null,null,null,null,null,null,null,null,null,null,null,null,null,null,null,null,null,null,0,null,null],null,"ERROR","Order not found."]]
7/12/2017 13:37:42:498 [0,"ou",[5880430351,null,56207484556,"tIOTUSD",1512661008560,1512661058623,105.86025809,320,"LIMIT",null,null,null,0,"PARTIALLY FILLED @ 3.612(14.14), PARTIALLY FILLED @ 3.6126(40.0), PARTIALLY FILLED @ 3.6126(40.0), PARTIALLY FILLED @ 3.6126(40.0), PARTIALLY FILLED @ 3.6126(40.0), PARTIALLY FILLED @ 3.6126(40.0), PARTIALLY FILLED @ 3.6126(0.01)",null,null,3.6126,3.61256038,null,null,null,null,null,0,0,0]]
7/12/2017 13:37:42:499 [0,"ou",[5880430351,null,56207484556,"tIOTUSD",1512661008560,1512661058623,105.86025809,320,"LIMIT",null,null,null,0,"PARTIALLY FILLED @ 3.612(14.14), PARTIALLY FILLED @ 3.6126(40.0), PARTIALLY FILLED @ 3.6126(40.0), PARTIALLY FILLED @ 3.6126(40.0), PARTIALLY FILLED @ 3.6126(40.0), PARTIALLY FILLED @ 3.6126(40.0), PARTIALLY FILLED @ 3.6126(0.01)",null,null,3.6126,3.61256038,null,null,null,null,null,0,0,0]]
7/12/2017 13:37:42:499 [0,"n",[null,"oc_multi-req",null,null,null,null,"INFO","No order cancellations submitted."]]
7/12/2017 13:37:42:499 [0,"pu",["tIOTUSD","ACTIVE",384,3.62382791,0,0,null,null,null,null]]
7/12/2017 13:37:42:499 Sent cancel request for group 1
7/12/2017 13:37:42:499 Sent cancel request: 1512661061770 2017-12-7
7/12/2017 13:37:42:499 Sent cancel request by internal id: 5880383585
7/12/2017 13:37:42:499 Stop order has different amount, cancelling and creating a new one on tIOTUSD with price undefined at the amount of -384
7/12/2017 13:37:42:499 Stop not found, creating Order on tIOTUSD with price 3.6601 at the amount of -384
7/12/2017 13:37:42:499 Stop created: tIOTUSDat 3.6601at the amount of -384 Client Id: 1512661062499. Date: 2017-12-7
7/12/2017 13:37:42:500 [0,"oc",[5880430351,null,56207484556,"tIOTUSD",1512661008560,1512661058657,0,320,"LIMIT",null,null,null,0,"EXECUTED @ 3.6126(105.86): was PARTIALLY FILLED @ 3.612(14.14), PARTIALLY FILLED @ 3.6126(40.0), PARTIALLY FILLED @ 3.6126(40.0), PARTIALLY FILLED @ 3.6126(40.0), PARTIALLY FILLED @ 3.6126(40.0), PARTIALLY FILLED @ 3.6126(40.0), PARTIALLY FILLED @ 3.6126(0.01)",null,null,3.6126,3.61257349,null,null,null,null,null,0,0,0]]
7/12/2017 13:37:42:500 [0,"n",[null,"oc-req",null,null,[null,null,1512661061378,null,null,null,null,null,null,null,null,null,null,null,null,null,null,null,null,null,null,null,null,0,null,null],null,"ERROR","Order not found."]]
7/12/2017 13:37:42:500 [0,"te",[112998474,"tIOTUSD",1512661058616,5880430351,105.86025809,3.6126,"LIMIT",3.6126,1]]
7/12/2017 13:37:42:500 [0,"n",[null,"oc-req",null,null,[5880383585,null,null,null,null,null,null,null,null,null,null,null,null,null,null,null,null,null,null,null,null,null,null,0,null,null],null,"ERROR","Order not found."]]
7/12/2017 13:37:42:501 [0,"n",[null,"oc-req",null,null,[null,null,1512661061645,null,null,null,null,null,null,null,null,null,null,null,null,null,null,null,null,null,null,null,null,0,null,null],null,"ERROR","Order not found."]]
7/12/2017 13:37:42:501 [0,"n",[null,"oc_multi-req",null,null,null,null,"ERROR","None to cancel"]]
7/12/2017 13:37:42:501 [0,"pu",["tIOTUSD","ACTIVE",384,3.62382791,0,0,null,null,null,null]]
7/12/2017 13:37:42:501 [0,"n",[null,"oc-req",null,null,[null,null,1512661061646,null,null,null,null,null,null,null,null,null,null,null,null,null,null,null,null,null,null,null,null,0,null,null],null,"ERROR","Order not found."]]
7/12/2017 13:37:42:501 [0,"n",[null,"oc-req",null,null,[5880383585,null,null,null,null,null,null,null,null,null,null,null,null,null,null,null,null,null,null,null,null,null,null,0,null,null],null,"ERROR","Order not found."]]
7/12/2017 13:37:42:501 [0,"tu",[112998474,"tIOTUSD",1512661058616,5880430351,105.86025809,3.6126,"LIMIT",3.6126,1,-0.30594461,"USD"]]
7/12/2017 13:37:42:502 [0,"n",[null,"oc-req",null,null,[5880383585,null,null,null,null,null,null,null,null,null,null,null,null,null,null,null,null,null,null,null,null,null,null,0,null,null],null,"ERROR","Order not found."]]
7/12/2017 13:37:42:502 [0,"wu",["margin","USD",8016.67052518,0,null]]
7/12/2017 13:37:42:735 [0,"n",[null,"oc-req",null,null,[5880452991,null,null,null,null,null,null,null,null,null,null,null,null,null,null,null,null,null,null,null,null,null,null,0,null,null],null,"SUCCESS","Submitted for cancellation; waiting for confirmation (ID: 5880452991)."]]
7/12/2017 13:37:42:736 [0,"n",[null,"oc_multi-req",null,null,null,null,"INFO","All (1) submitted for cancellation; waiting for confirmation."]]
7/12/2017 13:37:42:736 [0,"n",[null,"on-req",null,null,[5880452991,null,1512661060349,"tIOTUSD",null,null,-118.13874191,-118.13874191,"LIMIT",null,null,null,null,null,null,null,3.6856,null,null,null,null,null,null,0,null,null],null,"SUCCESS","Submitting limit sell order for 118.13874191 IOTA."]]
7/12/2017 13:37:42:737 [0,"n",[null,"oc-req",null,null,[5880452991,null,null,null,null,null,null,null,null,null,null,null,null,null,null,null,null,null,null,null,null,null,null,0,null,null],null,"SUCCESS","Submitted for cancellation; waiting for confirmation (ID: 5880452991)."]]
7/12/2017 13:37:42:737 [0,"on",[5880452991,1,1512661060349,"tIOTUSD",1512661058865,1512661058928,-118.13874191,-118.13874191,"LIMIT",null,null,null,0,"ACTIVE",null,null,3.6856,0,null,null,null,null,null,0,0,0]]
7/12/2017 13:37:42:738 [0,"n",[null,"oc_multi-req",null,null,null,null,"INFO","All (1) submitted for cancellation; waiting for confirmation."]]
7/12/2017 13:37:42:738 [0,"oc",[5880452991,1,1512661060349,"tIOTUSD",1512661058865,1512661058961,-118.13874191,-118.13874191,"LIMIT",null,null,null,0,"CANCELED",null,null,3.6856,0,null,null,null,null,null,0,0,0]]
7/12/2017 13:37:43:136 [0,"n",[null,"oc-req",null,null,[5880383585,null,null,null,null,null,null,null,null,null,null,null,null,null,null,null,null,null,null,null,null,null,null,0,null,null],null,"ERROR","Order not found."]]
7/12/2017 13:37:43:185 [0,"n",[null,"oc-req",null,null,[null,null,1512661061770,null,null,null,null,null,null,null,null,null,null,null,null,null,null,null,null,null,null,null,null,0,null,null],null,"ERROR","Order not found."]]
7/12/2017 13:37:43:518 [0,"n",[null,"on-req",null,null,[5880453501,null,1512661062499,"tIOTUSD",null,null,-384,-384,"LIMIT",null,null,null,null,null,null,null,3.6601,null,null,null,null,null,null,0,null,null],null,"SUCCESS","Submitting limit sell order for 384.0 IOTA."]]
7/12/2017 13:37:43:518 Found stop confirmation at ON-REQ, setting internal id to 5880453501
7/12/2017 13:37:43:565 [0,"n",[null,"oc-req",null,null,[5880453501,null,null,null,null,null,null,null,null,null,null,null,null,null,null,null,null,null,null,null,null,null,null,0,null,null],null,"SUCCESS","Submitted for cancellation; waiting for confirmation (ID: 5880453501)."]]
7/12/2017 13:37:43:565 [0,"n",[null,"oc_multi-req",null,null,null,null,"INFO","All (1) submitted for cancellation; waiting for confirmation."]]
7/12/2017 13:37:43:565 [0,"on",[5880453501,1,1512661062499,"tIOTUSD",1512661059763,1512661059854,-384,-384,"LIMIT",null,null,null,0,"ACTIVE",null,null,3.6601,0,null,null,null,null,null,0,0,0]]
7/12/2017 13:37:43:565 Found stop confirmation at ON, setting internal id to 5880453501
7/12/2017 13:37:43:566 [0,"n",[null,"on-req",null,null,[5880453543,null,1512661061770,"tIOTUSD",null,null,-278.13974191,-278.13974191,"LIMIT",null,null,null,null,null,null,null,3.6644,null,null,null,null,null,null,0,null,null],null,"SUCCESS","Submitting limit sell order for 278.13974191 IOTA."]]
7/12/2017 13:37:43:566 [0,"n",[null,"on-req",null,null,[5880453547,null,1512661061646,"tIOTUSD",null,null,-278.13474191,-278.13474191,"LIMIT",null,null,null,null,null,null,null,3.6644,null,null,null,null,null,null,0,null,null],null,"SUCCESS","Submitting limit sell order for 278.13474191 IOTA."]]
7/12/2017 13:37:43:569 [0,"oc",[5880453501,1,1512661062499,"tIOTUSD",1512661059763,1512661059887,-384,-384,"LIMIT",null,null,null,0,"CANCELED",null,null,3.6601,0,null,null,null,null,null,0,0,0]]
7/12/2017 13:37:43:569 [0,"on",[5880453543,1,1512661061770,"tIOTUSD",1512661059821,1512661059887,-278.13974191,-278.13974191,"LIMIT",null,null,null,0,"ACTIVE",null,null,3.6644,0,null,null,null,null,null,0,0,0]]
7/12/2017 13:37:43:570 [0,"on",[5880453547,1,1512661061646,"tIOTUSD",1512661059826,1512661059888,-278.13474191,-278.13474191,"LIMIT",null,null,null,0,"ACTIVE",null,null,3.6644,0,null,null,null,null,null,0,0,0]]
7/12/2017 13:37:43:641 [0,"n",[null,"on-req",null,null,[5880453563,null,1512661061378,"tIOTUSD",null,null,-198.13674191,-198.13674191,"LIMIT",null,null,null,null,null,null,null,3.6707,null,null,null,null,null,null,0,null,null],null,"SUCCESS","Submitting limit sell order for 198.13674191 IOTA."]]
7/12/2017 13:37:43:641 [0,"on",[5880453563,1,1512661061378,"tIOTUSD",1512661059847,1512661059923,-198.13674191,-198.13674191,"LIMIT",null,null,null,0,"ACTIVE",null,null,3.6707,0,null,null,null,null,null,0,0,0]]
7/12/2017 13:37:43:642 [0,"n",[null,"on-req",null,null,[5880453592,null,1512661061645,"tIOTUSD",null,null,-238.13574191,-238.13574191,"LIMIT",null,null,null,null,null,null,null,3.667,null,null,null,null,null,null,0,null,null],null,"SUCCESS","Submitting limit sell order for 238.13574191 IOTA."]]
7/12/2017 13:37:43:672 [0,"on",[5880453592,1,1512661061645,"tIOTUSD",1512661059898,1512661059990,-238.13574191,-238.13574191,"LIMIT",null,null,null,0,"ACTIVE",null,null,3.667,0,null,null,null,null,null,0,0,0]]
